<?xml version="1.0" encoding="UTF-8"?>
<!-- Generated by org.testng.reporters.JUnitXMLReporter -->
<testsuite ignored="0" hostname="Abhijeet" failures="0" tests="4" name="Default test" time="22.195" errors="0" timestamp="2025-12-30T17:37:45 IST">
  <testcase classname="testcases.HomePageTest" name="checkTitle" time="0.036"/>
  <testcase classname="testcases.HomePageTest" name="checkListCount" time="0.003"/>
  <testcase classname="testcases.HomePageTest" name="checksortedList" time="0.369"/>
  <testcase classname="testcases.HomePageTest" name="addToCart" time="0.467"/>
</testsuite> <!-- Default test -->
