<?xml version="1.0" encoding="UTF-8"?>
<!-- Generated by org.testng.reporters.JUnitXMLReporter -->
<testsuite ignored="0" hostname="Abhijeet" failures="0" tests="4" name="Default test" time="13.764" errors="0" timestamp="2025-12-30T15:53:23 IST">
  <testcase classname="testcases.LoginPageTest" name="loginTitle" time="0.027"/>
  <testcase classname="testcases.LoginPageTest" name="Logo" time="0.059"/>
  <testcase classname="testcases.LoginPageTest" name="loginTest" time="0.451"/>
  <testcase classname="testcases.LoginPageTest" name="loginTest" time="0.417"/>
</testsuite> <!-- Default test -->
