<?xml version="1.0" encoding="UTF-8"?>
<!-- Generated by org.testng.reporters.JUnitXMLReporter -->
<testsuite ignored="2" hostname="Abhijeet" failures="0" tests="10" name="Swag Lab test cases" time="45.051" errors="0" timestamp="2025-12-30T16:44:10 IST">
  <testcase classname="testcases.LoginPageTest" name="loginTitle" time="0.026"/>
  <testcase classname="testcases.LoginPageTest" name="Logo" time="0.086"/>
  <testcase classname="testcases.LoginPageTest" name="loginTest" time="0.729"/>
  <testcase classname="testcases.LoginPageTest" name="loginTest" time="0.544"/>
  <testcase classname="testcases.HomePageTest" name="checkTitle" time="0.016"/>
  <testcase classname="testcases.HomePageTest" name="checkListCount" time="0.0"/>
  <testcase classname="testcases.HomePageTest" name="checksortedList" time="0.268"/>
  <testcase classname="testcases.HomePageTest" name="addToCart" time="0.159"/>
  <testcase classname="testcases.HomePageTest" name="addToCart" time="0.179"/>
  <testcase classname="testcases.HomePageTest" name="addToCart" time="0.192"/>
  <testcase classname="com.swag.qa.base.TestBase" name="@BeforeSuite startReport" time="0.0">
    <ignored/>
  </testcase> <!-- @BeforeSuite startReport -->
  <testcase classname="com.swag.qa.base.TestBase" name="@AfterSuite endReport" time="0.0">
    <ignored/>
  </testcase> <!-- @AfterSuite endReport -->
</testsuite> <!-- Swag Lab test cases -->
