<?xml version="1.0" encoding="UTF-8"?>
<!-- Generated by org.testng.reporters.JUnitXMLReporter -->
<testsuite ignored="2" hostname="Abhijeet" failures="0" tests="8" name="Swag Lab test cases" time="35.252" errors="0" timestamp="2026-01-06T23:14:24 IST">
  <testcase classname="testcases.LoginPageTest" name="loginTitle" time="0.247"/>
  <testcase classname="testcases.LoginPageTest" name="Logo" time="0.145"/>
  <testcase classname="testcases.LoginPageTest" name="loginTest" time="1.245"/>
  <testcase classname="testcases.LoginPageTest" name="loginTest" time="1.062"/>
  <testcase classname="testcases.HomePageTest" name="checkTitle" time="0.313"/>
  <testcase classname="testcases.HomePageTest" name="checkListCount" time="0.254"/>
  <testcase classname="testcases.HomePageTest" name="checksortedList" time="0.525"/>
  <testcase classname="testcases.HomePageTest" name="addToCart" time="0.56"/>
  <testcase classname="com.swag.qa.base.TestBase" name="@BeforeSuite startReport" time="0.0">
    <ignored/>
  </testcase> <!-- @BeforeSuite startReport -->
  <testcase classname="com.swag.qa.base.TestBase" name="@AfterSuite endReport" time="0.0">
    <ignored/>
  </testcase> <!-- @AfterSuite endReport -->
</testsuite> <!-- Swag Lab test cases -->
