<?xml version="1.0" encoding="UTF-8"?>
<!-- Generated by org.testng.reporters.JUnitXMLReporter -->
<testsuite ignored="0" hostname="Abhijeet" failures="1" tests="8" name="Swag Lab test cases" time="29.315" errors="0" timestamp="2025-12-22T23:25:52 IST">
  <testcase classname="testcases.LoginPageTest" name="loginTitle" time="0.02"/>
  <testcase classname="testcases.LoginPageTest" name="Logo" time="0.073"/>
  <testcase classname="testcases.LoginPageTest" name="loginTest" time="0.669"/>
  <testcase classname="testcases.LoginPageTest" name="loginTest" time="0.533"/>
  <testcase classname="testcases.HomePageTest" name="checkTitle" time="0.064"/>
  <testcase classname="testcases.HomePageTest" name="checkListCount" time="0.001"/>
  <testcase classname="testcases.HomePageTest" name="sortList" time="0.215"/>
  <testcase classname="testcases.HomePageTest" name="checkortesList" time="0.089">
    <failure type="java.lang.AssertionError" message="did not expect [Sauce Labs Backpack] but found [Sauce Labs Backpack]">
      <![CDATA[java.lang.AssertionError: did not expect [Sauce Labs Backpack] but found [Sauce Labs Backpack]
at testcases.HomePageTest.checkortesList(HomePageTest.java:72)
at java.base/java.util.ArrayList.forEach(ArrayList.java:1511)
... Removed 32 stack frames]]>
    </failure>
  </testcase> <!-- checkortesList -->
</testsuite> <!-- Swag Lab test cases -->
