<?xml version="1.0" encoding="UTF-8"?>
<!-- Generated by org.testng.reporters.JUnitXMLReporter -->
<testsuite ignored="0" hostname="Abhijeet" failures="0" tests="10" name="Swag Lab test cases" time="75.69" errors="0" timestamp="2025-12-24T23:40:40 IST">
  <testcase classname="testcases.LoginPageTest" name="loginTitle" time="0.054"/>
  <testcase classname="testcases.LoginPageTest" name="Logo" time="0.094"/>
  <testcase classname="testcases.LoginPageTest" name="loginTest" time="0.799"/>
  <testcase classname="testcases.LoginPageTest" name="loginTest" time="0.641"/>
  <testcase classname="testcases.HomePageTest" name="checkTitle" time="0.005"/>
  <testcase classname="testcases.HomePageTest" name="checkListCount" time="0.001"/>
  <testcase classname="testcases.HomePageTest" name="checksortedList" time="0.278"/>
  <testcase classname="testcases.HomePageTest" name="addToCart" time="0.135"/>
  <testcase classname="testcases.HomePageTest" name="addToCart" time="0.114"/>
  <testcase classname="testcases.HomePageTest" name="addToCart" time="0.137"/>
</testsuite> <!-- Swag Lab test cases -->
