<?xml version="1.0" encoding="UTF-8"?>
<testng-results ignored="0" total="4" passed="4" failed="0" skipped="0">
  <reporter-output>
  </reporter-output>
  <suite started-at="2026-01-04T20:40:04 IST" name="SwagLab testing" finished-at="2026-01-04T20:40:27 IST" duration-ms="23021">
    <groups>
    </groups>
    <test started-at="2026-01-04T20:40:04 IST" name="Swag Lab test cases" finished-at="2026-01-04T20:40:27 IST" duration-ms="23021">
      <class name="testcases.HomePageTest">
        <test-method is-config="true" signature="startReport()[pri:0, instance:testcases.HomePageTest@5c9934da]" started-at="2026-01-04T20:40:02 IST" name="startReport" finished-at="2026-01-04T20:40:04 IST" duration-ms="1301" status="PASS">
          <reporter-output>
          </reporter-output>
        </test-method> <!-- startReport -->
        <test-method is-config="true" signature="setup(java.lang.reflect.Method)[pri:0, instance:testcases.HomePageTest@5c9934da]" started-at="2026-01-04T20:40:04 IST" name="setup" finished-at="2026-01-04T20:40:11 IST" duration-ms="7752" status="PASS">
          <params>
            <param index="0">
              <value>
                <![CDATA[public void testcases.HomePageTest.checkTitle()]]>
              </value>
            </param>
          </params>
          <reporter-output>
          </reporter-output>
        </test-method> <!-- setup -->
        <test-method signature="checkTitle()[pri:1, instance:testcases.HomePageTest@5c9934da]" started-at="2026-01-04T20:40:12 IST" name="checkTitle" finished-at="2026-01-04T20:40:12 IST" duration-ms="91" status="PASS">
          <reporter-output>
          </reporter-output>
        </test-method> <!-- checkTitle -->
        <test-method is-config="true" signature="tearDown(org.testng.ITestResult)[pri:0, instance:testcases.HomePageTest@5c9934da]" started-at="2026-01-04T20:40:12 IST" name="tearDown" finished-at="2026-01-04T20:40:13 IST" duration-ms="601" status="PASS">
          <params>
            <param index="0">
              <value>
                <![CDATA[[TestResult name=checkTitle status=SUCCESS method=HomePageTest.checkTitle()[pri:1, instance:testcases.HomePageTest@5c9934da] output={null}]]]>
              </value>
            </param>
          </params>
          <reporter-output>
          </reporter-output>
        </test-method> <!-- tearDown -->
        <test-method is-config="true" signature="setup(java.lang.reflect.Method)[pri:0, instance:testcases.HomePageTest@5c9934da]" started-at="2026-01-04T20:40:13 IST" name="setup" finished-at="2026-01-04T20:40:17 IST" duration-ms="4121" status="PASS">
          <params>
            <param index="0">
              <value>
                <![CDATA[public void testcases.HomePageTest.checkListCount()]]>
              </value>
            </param>
          </params>
          <reporter-output>
          </reporter-output>
        </test-method> <!-- setup -->
        <test-method signature="checkListCount()[pri:2, instance:testcases.HomePageTest@5c9934da]" started-at="2026-01-04T20:40:17 IST" name="checkListCount" finished-at="2026-01-04T20:40:17 IST" duration-ms="8" status="PASS">
          <reporter-output>
          </reporter-output>
        </test-method> <!-- checkListCount -->
        <test-method is-config="true" signature="tearDown(org.testng.ITestResult)[pri:0, instance:testcases.HomePageTest@5c9934da]" started-at="2026-01-04T20:40:17 IST" name="tearDown" finished-at="2026-01-04T20:40:17 IST" duration-ms="334" status="PASS">
          <params>
            <param index="0">
              <value>
                <![CDATA[[TestResult name=checkListCount status=SUCCESS method=HomePageTest.checkListCount()[pri:2, instance:testcases.HomePageTest@5c9934da] output={null}]]]>
              </value>
            </param>
          </params>
          <reporter-output>
          </reporter-output>
        </test-method> <!-- tearDown -->
        <test-method is-config="true" signature="setup(java.lang.reflect.Method)[pri:0, instance:testcases.HomePageTest@5c9934da]" started-at="2026-01-04T20:40:17 IST" name="setup" finished-at="2026-01-04T20:40:21 IST" duration-ms="3891" status="PASS">
          <params>
            <param index="0">
              <value>
                <![CDATA[public void testcases.HomePageTest.checksortedList()]]>
              </value>
            </param>
          </params>
          <reporter-output>
          </reporter-output>
        </test-method> <!-- setup -->
        <test-method signature="checksortedList()[pri:3, instance:testcases.HomePageTest@5c9934da]" started-at="2026-01-04T20:40:21 IST" name="checksortedList" finished-at="2026-01-04T20:40:21 IST" duration-ms="290" status="PASS">
          <reporter-output>
          </reporter-output>
        </test-method> <!-- checksortedList -->
        <test-method is-config="true" signature="tearDown(org.testng.ITestResult)[pri:0, instance:testcases.HomePageTest@5c9934da]" started-at="2026-01-04T20:40:21 IST" name="tearDown" finished-at="2026-01-04T20:40:21 IST" duration-ms="287" status="PASS">
          <params>
            <param index="0">
              <value>
                <![CDATA[[TestResult name=checksortedList status=SUCCESS method=HomePageTest.checksortedList()[pri:3, instance:testcases.HomePageTest@5c9934da] output={null}]]]>
              </value>
            </param>
          </params>
          <reporter-output>
          </reporter-output>
        </test-method> <!-- tearDown -->
        <test-method is-config="true" signature="setup(java.lang.reflect.Method)[pri:0, instance:testcases.HomePageTest@5c9934da]" started-at="2026-01-04T20:40:23 IST" name="setup" finished-at="2026-01-04T20:40:26 IST" duration-ms="3323" status="PASS">
          <params>
            <param index="0">
              <value>
                <![CDATA[public void testcases.HomePageTest.addToCart(java.lang.String[])]]>
              </value>
            </param>
          </params>
          <reporter-output>
          </reporter-output>
        </test-method> <!-- setup -->
        <test-method signature="addToCart([Ljava.lang.String;)[pri:4, instance:testcases.HomePageTest@5c9934da]" started-at="2026-01-04T20:40:26 IST" name="addToCart" data-provider="CartData" finished-at="2026-01-04T20:40:26 IST" duration-ms="417" status="PASS">
          <params>
            <param index="0">
              <value>
                <![CDATA[[Ljava.lang.String;@52d202f0]]>
              </value>
            </param>
          </params>
          <reporter-output>
          </reporter-output>
        </test-method> <!-- addToCart -->
        <test-method is-config="true" signature="tearDown(org.testng.ITestResult)[pri:0, instance:testcases.HomePageTest@5c9934da]" started-at="2026-01-04T20:40:26 IST" name="tearDown" finished-at="2026-01-04T20:40:27 IST" duration-ms="342" status="PASS">
          <params>
            <param index="0">
              <value>
                <![CDATA[[TestResult name=addToCart status=SUCCESS method=HomePageTest.addToCart([Ljava.lang.String;)[pri:4, instance:testcases.HomePageTest@5c9934da] output={null}]]]>
              </value>
            </param>
          </params>
          <reporter-output>
          </reporter-output>
        </test-method> <!-- tearDown -->
        <test-method is-config="true" signature="endReport()[pri:0, instance:testcases.HomePageTest@5c9934da]" started-at="2026-01-04T20:40:27 IST" name="endReport" finished-at="2026-01-04T20:40:27 IST" duration-ms="400" status="PASS">
          <reporter-output>
          </reporter-output>
        </test-method> <!-- endReport -->
      </class> <!-- testcases.HomePageTest -->
    </test> <!-- Swag Lab test cases -->
  </suite> <!-- SwagLab testing -->
</testng-results>
