<?xml version="1.0" encoding="UTF-8"?>
<testsuite xmlns:xsi="http://www.w3.org/2001/XMLSchema-instance" xsi:noNamespaceSchemaLocation="https://maven.apache.org/surefire/maven-surefire-plugin/xsd/surefire-test-report-3.0.xsd" version="3.0" name="TestSuite" time="48.495" tests="8" errors="0" skipped="0" failures="0">
  <properties>
[...]
</properties>
  <testcase name="loginTitle" classname="testcases.LoginPageTest" time="0.366">
    <system-out><![CDATA[I am in onStart method Swag Lab test cases
Before navigating to: https://www.saucedemo.com/
Navigated to: https://www.saucedemo.com/
I am in onTestStart method loginTitle start
]]></system-out>
    <system-err><![CDATA[SLF4J: Failed to load class "org.slf4j.impl.StaticLoggerBinder".
SLF4J: Defaulting to no-operation (NOP) logger implementation
SLF4J: See http://www.slf4j.org/codes.html#StaticLoggerBinder for further details.
Jan 23, 2026 5:04:33 PM org.openqa.selenium.devtools.CdpVersionFinder findNearestMatch
WARNING: Unable to find CDP implementation matching 144
Jan 23, 2026 5:04:33 PM org.openqa.selenium.chromium.ChromiumDriver lambda$new$5
WARNING: Unable to find version of CDP to use for 144.0.7559.59. You may need to include a dependency on a specific version of the CDP using something similar to `org.seleniumhq.selenium:selenium-devtools-v86:4.27.0` where the version ("v86") matches the version of the chromium-based browser you're using and the version number of the artifact is the same as Selenium's.
]]></system-err>
  </testcase>
  <testcase name="Logo" classname="testcases.LoginPageTest" time="0.174">
    <system-out><![CDATA[I am in onTestSuccess method loginTitle succeed
Before navigating to: https://www.saucedemo.com/
Navigated to: https://www.saucedemo.com/
I am in onTestStart method Logo start
Trying to find element: By.xpath: //div[contains(@class, 'login_logo')]
Found element: By.xpath: //div[contains(@class, 'login_logo')]
]]></system-out>
    <system-err><![CDATA[Jan 23, 2026 5:04:39 PM org.openqa.selenium.devtools.CdpVersionFinder findNearestMatch
WARNING: Unable to find CDP implementation matching 144
Jan 23, 2026 5:04:39 PM org.openqa.selenium.chromium.ChromiumDriver lambda$new$5
WARNING: Unable to find version of CDP to use for 144.0.7559.59. You may need to include a dependency on a specific version of the CDP using something similar to `org.seleniumhq.selenium:selenium-devtools-v86:4.27.0` where the version ("v86") matches the version of the chromium-based browser you're using and the version number of the artifact is the same as Selenium's.
]]></system-err>
  </testcase>
  <testcase name="loginTest[standard_user, secret_sauce](1)" classname="testcases.LoginPageTest" time="1.302">
    <system-out><![CDATA[I am in onTestSuccess method Logo succeed
2026-01-23 17:04:41 DEBUG PackageRelationshipCollection:307 - Parsing relationship: /xl/_rels/workbook.xml.rels
2026-01-23 17:04:41 DEBUG PackageRelationshipCollection:307 - Parsing relationship: /_rels/.rels
Before navigating to: https://www.saucedemo.com/
Navigated to: https://www.saucedemo.com/
I am in onTestStart method loginTest start
Trying to find element: By.name: user-name
Found element: By.name: user-name
Sending keys to: [[ChromeDriver: chrome on windows (88d98e244c142d67ee832f826b044067)] -> name: user-name]
Keys sent to: [[ChromeDriver: chrome on windows (88d98e244c142d67ee832f826b044067)] -> name: user-name]
Trying to find element: By.name: password
Found element: By.name: password
Sending keys to: [[ChromeDriver: chrome on windows (88d98e244c142d67ee832f826b044067)] -> name: password]
Keys sent to: [[ChromeDriver: chrome on windows (88d98e244c142d67ee832f826b044067)] -> name: password]
Trying to find element: By.xpath: //input[@type='submit']
Found element: By.xpath: //input[@type='submit']
Allure attchement method invoked
]]></system-out>
    <system-err><![CDATA[Jan 23, 2026 5:04:44 PM org.openqa.selenium.devtools.CdpVersionFinder findNearestMatch
WARNING: Unable to find CDP implementation matching 144
Jan 23, 2026 5:04:44 PM org.openqa.selenium.chromium.ChromiumDriver lambda$new$5
WARNING: Unable to find version of CDP to use for 144.0.7559.59. You may need to include a dependency on a specific version of the CDP using something similar to `org.seleniumhq.selenium:selenium-devtools-v86:4.27.0` where the version ("v86") matches the version of the chromium-based browser you're using and the version number of the artifact is the same as Selenium's.
]]></system-err>
  </testcase>
  <testcase name="loginTest[problem_user, secret_sauce](2)" classname="testcases.LoginPageTest" time="1.16">
    <system-out><![CDATA[I am in onTestSuccess method loginTest succeed
Before navigating to: https://www.saucedemo.com/
Navigated to: https://www.saucedemo.com/
I am in onTestStart method loginTest start
Trying to find element: By.name: user-name
Found element: By.name: user-name
Sending keys to: [[ChromeDriver: chrome on windows (a7cc99c476600271e5c576c1c8249f70)] -> name: user-name]
Keys sent to: [[ChromeDriver: chrome on windows (a7cc99c476600271e5c576c1c8249f70)] -> name: user-name]
Trying to find element: By.name: password
Found element: By.name: password
Sending keys to: [[ChromeDriver: chrome on windows (a7cc99c476600271e5c576c1c8249f70)] -> name: password]
Keys sent to: [[ChromeDriver: chrome on windows (a7cc99c476600271e5c576c1c8249f70)] -> name: password]
Trying to find element: By.xpath: //input[@type='submit']
Found element: By.xpath: //input[@type='submit']
Allure attchement method invoked
]]></system-out>
    <system-err><![CDATA[Jan 23, 2026 5:04:48 PM org.openqa.selenium.devtools.CdpVersionFinder findNearestMatch
WARNING: Unable to find CDP implementation matching 144
Jan 23, 2026 5:04:48 PM org.openqa.selenium.chromium.ChromiumDriver lambda$new$5
WARNING: Unable to find version of CDP to use for 144.0.7559.59. You may need to include a dependency on a specific version of the CDP using something similar to `org.seleniumhq.selenium:selenium-devtools-v86:4.27.0` where the version ("v86") matches the version of the chromium-based browser you're using and the version number of the artifact is the same as Selenium's.
]]></system-err>
  </testcase>
  <testcase name="checkTitle" classname="testcases.HomePageTest" time="0.309">
    <system-out><![CDATA[I am in onTestSuccess method loginTest succeed
Before navigating to: https://www.saucedemo.com/
Navigated to: https://www.saucedemo.com/
Trying to find element: By.name: user-name
Found element: By.name: user-name
Sending keys to: [[ChromeDriver: chrome on windows (4dc0f8c7d321c0b3a6bac166f8ba99f6)] -> name: user-name]
Keys sent to: [[ChromeDriver: chrome on windows (4dc0f8c7d321c0b3a6bac166f8ba99f6)] -> name: user-name]
Trying to find element: By.name: password
Found element: By.name: password
Sending keys to: [[ChromeDriver: chrome on windows (4dc0f8c7d321c0b3a6bac166f8ba99f6)] -> name: password]
Keys sent to: [[ChromeDriver: chrome on windows (4dc0f8c7d321c0b3a6bac166f8ba99f6)] -> name: password]
Trying to find element: By.xpath: //input[@type='submit']
Found element: By.xpath: //input[@type='submit']
I am in onTestStart method checkTitle start
Allure attchement method invoked
]]></system-out>
    <system-err><![CDATA[Jan 23, 2026 5:04:52 PM org.openqa.selenium.devtools.CdpVersionFinder findNearestMatch
WARNING: Unable to find CDP implementation matching 144
Jan 23, 2026 5:04:52 PM org.openqa.selenium.chromium.ChromiumDriver lambda$new$5
WARNING: Unable to find version of CDP to use for 144.0.7559.59. You may need to include a dependency on a specific version of the CDP using something similar to `org.seleniumhq.selenium:selenium-devtools-v86:4.27.0` where the version ("v86") matches the version of the chromium-based browser you're using and the version number of the artifact is the same as Selenium's.
]]></system-err>
  </testcase>
  <testcase name="checkListCount" classname="testcases.HomePageTest" time="0.293">
    <system-out><![CDATA[I am in onTestSuccess method checkTitle succeed
Before navigating to: https://www.saucedemo.com/
Navigated to: https://www.saucedemo.com/
Trying to find element: By.name: user-name
Found element: By.name: user-name
Sending keys to: [[ChromeDriver: chrome on windows (81772f2ed051dcc72c850a986ba0a4f2)] -> name: user-name]
Keys sent to: [[ChromeDriver: chrome on windows (81772f2ed051dcc72c850a986ba0a4f2)] -> name: user-name]
Trying to find element: By.name: password
Found element: By.name: password
Sending keys to: [[ChromeDriver: chrome on windows (81772f2ed051dcc72c850a986ba0a4f2)] -> name: password]
Keys sent to: [[ChromeDriver: chrome on windows (81772f2ed051dcc72c850a986ba0a4f2)] -> name: password]
Trying to find element: By.xpath: //input[@type='submit']
Found element: By.xpath: //input[@type='submit']
I am in onTestStart method checkListCount start
Allure attchement method invoked
]]></system-out>
    <system-err><![CDATA[Jan 23, 2026 5:04:57 PM org.openqa.selenium.devtools.CdpVersionFinder findNearestMatch
WARNING: Unable to find CDP implementation matching 144
Jan 23, 2026 5:04:57 PM org.openqa.selenium.chromium.ChromiumDriver lambda$new$5
WARNING: Unable to find version of CDP to use for 144.0.7559.59. You may need to include a dependency on a specific version of the CDP using something similar to `org.seleniumhq.selenium:selenium-devtools-v86:4.27.0` where the version ("v86") matches the version of the chromium-based browser you're using and the version number of the artifact is the same as Selenium's.
]]></system-err>
  </testcase>
  <testcase name="checksortedList" classname="testcases.HomePageTest" time="0.422">
    <system-out><![CDATA[I am in onTestSuccess method checkListCount succeed
Before navigating to: https://www.saucedemo.com/
Navigated to: https://www.saucedemo.com/
Trying to find element: By.name: user-name
Found element: By.name: user-name
Sending keys to: [[ChromeDriver: chrome on windows (875ba959a6ea0ebed4690ae4add1085f)] -> name: user-name]
Keys sent to: [[ChromeDriver: chrome on windows (875ba959a6ea0ebed4690ae4add1085f)] -> name: user-name]
Trying to find element: By.name: password
Found element: By.name: password
Sending keys to: [[ChromeDriver: chrome on windows (875ba959a6ea0ebed4690ae4add1085f)] -> name: password]
Keys sent to: [[ChromeDriver: chrome on windows (875ba959a6ea0ebed4690ae4add1085f)] -> name: password]
Trying to find element: By.xpath: //input[@type='submit']
Found element: By.xpath: //input[@type='submit']
I am in onTestStart method checksortedList start
Trying to find element: By.xpath: //div[contains(@class,'inventory_item_name')]
Found element: By.xpath: //div[contains(@class,'inventory_item_name')]
Trying to find element: By.xpath: //select[contains(@class, 'product_sort_container')]
Found element: By.xpath: //select[contains(@class, 'product_sort_container')]
Trying to click on: [[[[ChromeDriver: chrome on windows (875ba959a6ea0ebed4690ae4add1085f)] -> xpath: //select[contains(@class, 'product_sort_container')]]] -> xpath: .//option[@value = "za"]]
Clicked on: [[[[ChromeDriver: chrome on windows (875ba959a6ea0ebed4690ae4add1085f)] -> xpath: //select[contains(@class, 'product_sort_container')]]] -> xpath: .//option[@value = "za"]]
Trying to find element: By.xpath: //div[contains(@class,'inventory_item_name')]
Found element: By.xpath: //div[contains(@class,'inventory_item_name')]
]]></system-out>
    <system-err><![CDATA[Jan 23, 2026 5:05:00 PM org.openqa.selenium.devtools.CdpVersionFinder findNearestMatch
WARNING: Unable to find CDP implementation matching 144
Jan 23, 2026 5:05:00 PM org.openqa.selenium.chromium.ChromiumDriver lambda$new$5
WARNING: Unable to find version of CDP to use for 144.0.7559.59. You may need to include a dependency on a specific version of the CDP using something similar to `org.seleniumhq.selenium:selenium-devtools-v86:4.27.0` where the version ("v86") matches the version of the chromium-based browser you're using and the version number of the artifact is the same as Selenium's.
]]></system-err>
  </testcase>
  <testcase name="addToCart[[Ljava.lang.String;@6fb8cfa7](1)" classname="testcases.HomePageTest" time="0.623">
    <system-out><![CDATA[I am in onTestSuccess method checksortedList succeed
2026-01-23 17:05:03 DEBUG PackageRelationshipCollection:307 - Parsing relationship: /xl/_rels/workbook.xml.rels
2026-01-23 17:05:03 DEBUG PackageRelationshipCollection:307 - Parsing relationship: /_rels/.rels
Before navigating to: https://www.saucedemo.com/
Navigated to: https://www.saucedemo.com/
Trying to find element: By.name: user-name
Found element: By.name: user-name
Sending keys to: [[ChromeDriver: chrome on windows (b2d8bde838f9687cba76bb51fdc60bbb)] -> name: user-name]
Keys sent to: [[ChromeDriver: chrome on windows (b2d8bde838f9687cba76bb51fdc60bbb)] -> name: user-name]
Trying to find element: By.name: password
Found element: By.name: password
Sending keys to: [[ChromeDriver: chrome on windows (b2d8bde838f9687cba76bb51fdc60bbb)] -> name: password]
Keys sent to: [[ChromeDriver: chrome on windows (b2d8bde838f9687cba76bb51fdc60bbb)] -> name: password]
Trying to find element: By.xpath: //input[@type='submit']
Found element: By.xpath: //input[@type='submit']
I am in onTestStart method addToCart start
Trying to find element: By.xpath: //div[contains(text(),'Sauce Labs Backpack')]//ancestor::div[@class='inventory_item_description']//button[contains(@name,'add-to-cart')]
Found element: By.xpath: //div[contains(text(),'Sauce Labs Backpack')]//ancestor::div[@class='inventory_item_description']//button[contains(@name,'add-to-cart')]
Trying to click on: [[ChromeDriver: chrome on windows (b2d8bde838f9687cba76bb51fdc60bbb)] -> xpath: //div[contains(text(),'Sauce Labs Backpack')]//ancestor::div[@class='inventory_item_description']//button[contains(@name,'add-to-cart')]]
Clicked on: [[ChromeDriver: chrome on windows (b2d8bde838f9687cba76bb51fdc60bbb)] -> xpath: //div[contains(text(),'Sauce Labs Backpack')]//ancestor::div[@class='inventory_item_description']//button[contains(@name,'add-to-cart')]]
Trying to find element: By.xpath: //div[contains(text(),'Sauce Labs Bike Light')]//ancestor::div[@class='inventory_item_description']//button[contains(@name,'add-to-cart')]
Found element: By.xpath: //div[contains(text(),'Sauce Labs Bike Light')]//ancestor::div[@class='inventory_item_description']//button[contains(@name,'add-to-cart')]
Trying to click on: [[ChromeDriver: chrome on windows (b2d8bde838f9687cba76bb51fdc60bbb)] -> xpath: //div[contains(text(),'Sauce Labs Bike Light')]//ancestor::div[@class='inventory_item_description']//button[contains(@name,'add-to-cart')]]
Clicked on: [[ChromeDriver: chrome on windows (b2d8bde838f9687cba76bb51fdc60bbb)] -> xpath: //div[contains(text(),'Sauce Labs Bike Light')]//ancestor::div[@class='inventory_item_description']//button[contains(@name,'add-to-cart')]]
Trying to find element: By.xpath: //div[contains(text(),'Sauce Labs Onesie')]//ancestor::div[@class='inventory_item_description']//button[contains(@name,'add-to-cart')]
Found element: By.xpath: //div[contains(text(),'Sauce Labs Onesie')]//ancestor::div[@class='inventory_item_description']//button[contains(@name,'add-to-cart')]
Trying to click on: [[ChromeDriver: chrome on windows (b2d8bde838f9687cba76bb51fdc60bbb)] -> xpath: //div[contains(text(),'Sauce Labs Onesie')]//ancestor::div[@class='inventory_item_description']//button[contains(@name,'add-to-cart')]]
Clicked on: [[ChromeDriver: chrome on windows (b2d8bde838f9687cba76bb51fdc60bbb)] -> xpath: //div[contains(text(),'Sauce Labs Onesie')]//ancestor::div[@class='inventory_item_description']//button[contains(@name,'add-to-cart')]]
]]></system-out>
    <system-err><![CDATA[Jan 23, 2026 5:05:04 PM org.openqa.selenium.devtools.CdpVersionFinder findNearestMatch
WARNING: Unable to find CDP implementation matching 144
Jan 23, 2026 5:05:04 PM org.openqa.selenium.chromium.ChromiumDriver lambda$new$5
WARNING: Unable to find version of CDP to use for 144.0.7559.59. You may need to include a dependency on a specific version of the CDP using something similar to `org.seleniumhq.selenium:selenium-devtools-v86:4.27.0` where the version ("v86") matches the version of the chromium-based browser you're using and the version number of the artifact is the same as Selenium's.
]]></system-err>
  </testcase>
</testsuite>