<?xml version="1.0" encoding="UTF-8"?>
<testsuite xmlns:xsi="http://www.w3.org/2001/XMLSchema-instance" xsi:noNamespaceSchemaLocation="https://maven.apache.org/surefire/maven-surefire-plugin/xsd/surefire-test-report-3.0.xsd" version="3.0" name="TestSuite" time="28.936" tests="4" errors="0" skipped="0" failures="0">
  <properties>
[...]
</properties>
  <testcase name="checkTitle" classname="testcases.HomePageTest" time="0.109">
    <system-out><![CDATA[Before navigating to: https://www.saucedemo.com/
Navigated to: https://www.saucedemo.com/
Trying to find element: By.name: user-name
Found element: By.name: user-name
Sending keys to: [[ChromeDriver: chrome on windows (2adb1be352ceead1f8dc97bb733e2207)] -> name: user-name]
Keys sent to: [[ChromeDriver: chrome on windows (2adb1be352ceead1f8dc97bb733e2207)] -> name: user-name]
Trying to find element: By.name: password
Found element: By.name: password
Sending keys to: [[ChromeDriver: chrome on windows (2adb1be352ceead1f8dc97bb733e2207)] -> name: password]
Keys sent to: [[ChromeDriver: chrome on windows (2adb1be352ceead1f8dc97bb733e2207)] -> name: password]
Trying to find element: By.xpath: //input[@type='submit']
Found element: By.xpath: //input[@type='submit']
]]></system-out>
    <system-err><![CDATA[SLF4J: Failed to load class "org.slf4j.impl.StaticLoggerBinder".
SLF4J: Defaulting to no-operation (NOP) logger implementation
SLF4J: See http://www.slf4j.org/codes.html#StaticLoggerBinder for further details.
Jan 04, 2026 8:40:07 PM org.openqa.selenium.devtools.CdpVersionFinder findNearestMatch
WARNING: Unable to find CDP implementation matching 143
Jan 04, 2026 8:40:07 PM org.openqa.selenium.chromium.ChromiumDriver lambda$new$5
WARNING: Unable to find version of CDP to use for 143.0.7499.170. You may need to include a dependency on a specific version of the CDP using something similar to `org.seleniumhq.selenium:selenium-devtools-v86:4.27.0` where the version ("v86") matches the version of the chromium-based browser you're using and the version number of the artifact is the same as Selenium's.
]]></system-err>
  </testcase>
  <testcase name="checkListCount" classname="testcases.HomePageTest" time="0.009">
    <system-out><![CDATA[Before navigating to: https://www.saucedemo.com/
Navigated to: https://www.saucedemo.com/
Trying to find element: By.name: user-name
Found element: By.name: user-name
Sending keys to: [[ChromeDriver: chrome on windows (b29e049d67abd772d5fb7226dd5c7c2c)] -> name: user-name]
Keys sent to: [[ChromeDriver: chrome on windows (b29e049d67abd772d5fb7226dd5c7c2c)] -> name: user-name]
Trying to find element: By.name: password
Found element: By.name: password
Sending keys to: [[ChromeDriver: chrome on windows (b29e049d67abd772d5fb7226dd5c7c2c)] -> name: password]
Keys sent to: [[ChromeDriver: chrome on windows (b29e049d67abd772d5fb7226dd5c7c2c)] -> name: password]
Trying to find element: By.xpath: //input[@type='submit']
Found element: By.xpath: //input[@type='submit']
]]></system-out>
    <system-err><![CDATA[Jan 04, 2026 8:40:14 PM org.openqa.selenium.devtools.CdpVersionFinder findNearestMatch
WARNING: Unable to find CDP implementation matching 143
Jan 04, 2026 8:40:14 PM org.openqa.selenium.chromium.ChromiumDriver lambda$new$5
WARNING: Unable to find version of CDP to use for 143.0.7499.170. You may need to include a dependency on a specific version of the CDP using something similar to `org.seleniumhq.selenium:selenium-devtools-v86:4.27.0` where the version ("v86") matches the version of the chromium-based browser you're using and the version number of the artifact is the same as Selenium's.
]]></system-err>
  </testcase>
  <testcase name="checksortedList" classname="testcases.HomePageTest" time="0.296">
    <system-out><![CDATA[Before navigating to: https://www.saucedemo.com/
Navigated to: https://www.saucedemo.com/
Trying to find element: By.name: user-name
Found element: By.name: user-name
Sending keys to: [[ChromeDriver: chrome on windows (d31b05676889e0e7ef5d1312ec3d7cc0)] -> name: user-name]
Keys sent to: [[ChromeDriver: chrome on windows (d31b05676889e0e7ef5d1312ec3d7cc0)] -> name: user-name]
Trying to find element: By.name: password
Found element: By.name: password
Sending keys to: [[ChromeDriver: chrome on windows (d31b05676889e0e7ef5d1312ec3d7cc0)] -> name: password]
Keys sent to: [[ChromeDriver: chrome on windows (d31b05676889e0e7ef5d1312ec3d7cc0)] -> name: password]
Trying to find element: By.xpath: //input[@type='submit']
Found element: By.xpath: //input[@type='submit']
Trying to find element: By.xpath: //div[contains(@class,'inventory_item_name')]
Found element: By.xpath: //div[contains(@class,'inventory_item_name')]
Trying to find element: By.xpath: //select[contains(@class, 'product_sort_container')]
Found element: By.xpath: //select[contains(@class, 'product_sort_container')]
Trying to click on: [[[[ChromeDriver: chrome on windows (d31b05676889e0e7ef5d1312ec3d7cc0)] -> xpath: //select[contains(@class, 'product_sort_container')]]] -> xpath: .//option[@value = "za"]]
Clicked on: [[[[ChromeDriver: chrome on windows (d31b05676889e0e7ef5d1312ec3d7cc0)] -> xpath: //select[contains(@class, 'product_sort_container')]]] -> xpath: .//option[@value = "za"]]
Trying to find element: By.xpath: //div[contains(@class,'inventory_item_name')]
Found element: By.xpath: //div[contains(@class,'inventory_item_name')]
]]></system-out>
    <system-err><![CDATA[Jan 04, 2026 8:40:18 PM org.openqa.selenium.devtools.CdpVersionFinder findNearestMatch
WARNING: Unable to find CDP implementation matching 143
Jan 04, 2026 8:40:18 PM org.openqa.selenium.chromium.ChromiumDriver lambda$new$5
WARNING: Unable to find version of CDP to use for 143.0.7499.170. You may need to include a dependency on a specific version of the CDP using something similar to `org.seleniumhq.selenium:selenium-devtools-v86:4.27.0` where the version ("v86") matches the version of the chromium-based browser you're using and the version number of the artifact is the same as Selenium's.
]]></system-err>
  </testcase>
  <testcase name="addToCart[[Ljava.lang.String;@52d202f0](1)" classname="testcases.HomePageTest" time="0.409">
    <system-out><![CDATA[2026-01-04 20:40:22 DEBUG PackageRelationshipCollection:307 - Parsing relationship: /xl/_rels/workbook.xml.rels
2026-01-04 20:40:22 DEBUG PackageRelationshipCollection:307 - Parsing relationship: /_rels/.rels
Before navigating to: https://www.saucedemo.com/
Navigated to: https://www.saucedemo.com/
Trying to find element: By.name: user-name
Found element: By.name: user-name
Sending keys to: [[ChromeDriver: chrome on windows (d97b2d2f8b3fcd2d07dfaca592e32849)] -> name: user-name]
Keys sent to: [[ChromeDriver: chrome on windows (d97b2d2f8b3fcd2d07dfaca592e32849)] -> name: user-name]
Trying to find element: By.name: password
Found element: By.name: password
Sending keys to: [[ChromeDriver: chrome on windows (d97b2d2f8b3fcd2d07dfaca592e32849)] -> name: password]
Keys sent to: [[ChromeDriver: chrome on windows (d97b2d2f8b3fcd2d07dfaca592e32849)] -> name: password]
Trying to find element: By.xpath: //input[@type='submit']
Found element: By.xpath: //input[@type='submit']
Trying to find element: By.xpath: //div[contains(text(),'Sauce Labs Backpack')]//ancestor::div[@class='inventory_item_description']//button[contains(@name,'add-to-cart')]
Found element: By.xpath: //div[contains(text(),'Sauce Labs Backpack')]//ancestor::div[@class='inventory_item_description']//button[contains(@name,'add-to-cart')]
Trying to click on: [[ChromeDriver: chrome on windows (d97b2d2f8b3fcd2d07dfaca592e32849)] -> xpath: //div[contains(text(),'Sauce Labs Backpack')]//ancestor::div[@class='inventory_item_description']//button[contains(@name,'add-to-cart')]]
Clicked on: [[ChromeDriver: chrome on windows (d97b2d2f8b3fcd2d07dfaca592e32849)] -> xpath: //div[contains(text(),'Sauce Labs Backpack')]//ancestor::div[@class='inventory_item_description']//button[contains(@name,'add-to-cart')]]
Trying to find element: By.xpath: //div[contains(text(),'Sauce Labs Bike Light')]//ancestor::div[@class='inventory_item_description']//button[contains(@name,'add-to-cart')]
Found element: By.xpath: //div[contains(text(),'Sauce Labs Bike Light')]//ancestor::div[@class='inventory_item_description']//button[contains(@name,'add-to-cart')]
Trying to click on: [[ChromeDriver: chrome on windows (d97b2d2f8b3fcd2d07dfaca592e32849)] -> xpath: //div[contains(text(),'Sauce Labs Bike Light')]//ancestor::div[@class='inventory_item_description']//button[contains(@name,'add-to-cart')]]
Clicked on: [[ChromeDriver: chrome on windows (d97b2d2f8b3fcd2d07dfaca592e32849)] -> xpath: //div[contains(text(),'Sauce Labs Bike Light')]//ancestor::div[@class='inventory_item_description']//button[contains(@name,'add-to-cart')]]
Trying to find element: By.xpath: //div[contains(text(),'Sauce Labs Onesie')]//ancestor::div[@class='inventory_item_description']//button[contains(@name,'add-to-cart')]
Found element: By.xpath: //div[contains(text(),'Sauce Labs Onesie')]//ancestor::div[@class='inventory_item_description']//button[contains(@name,'add-to-cart')]
Trying to click on: [[ChromeDriver: chrome on windows (d97b2d2f8b3fcd2d07dfaca592e32849)] -> xpath: //div[contains(text(),'Sauce Labs Onesie')]//ancestor::div[@class='inventory_item_description']//button[contains(@name,'add-to-cart')]]
Clicked on: [[ChromeDriver: chrome on windows (d97b2d2f8b3fcd2d07dfaca592e32849)] -> xpath: //div[contains(text(),'Sauce Labs Onesie')]//ancestor::div[@class='inventory_item_description']//button[contains(@name,'add-to-cart')]]
]]></system-out>
    <system-err><![CDATA[Jan 04, 2026 8:40:24 PM org.openqa.selenium.devtools.CdpVersionFinder findNearestMatch
WARNING: Unable to find CDP implementation matching 143
Jan 04, 2026 8:40:24 PM org.openqa.selenium.chromium.ChromiumDriver lambda$new$5
WARNING: Unable to find version of CDP to use for 143.0.7499.170. You may need to include a dependency on a specific version of the CDP using something similar to `org.seleniumhq.selenium:selenium-devtools-v86:4.27.0` where the version ("v86") matches the version of the chromium-based browser you're using and the version number of the artifact is the same as Selenium's.
]]></system-err>
  </testcase>
</testsuite>