<?xml version="1.0" encoding="UTF-8"?>
<testng-results ignored="0" total="4" passed="4" failed="0" skipped="0">
  <reporter-output>
  </reporter-output>
  <suite started-at="2026-01-04T19:51:03 IST" name="Default suite" finished-at="2026-01-04T19:51:28 IST" duration-ms="24779">
    <groups>
    </groups>
    <test started-at="2026-01-04T19:51:03 IST" name="Default test" finished-at="2026-01-04T19:51:28 IST" duration-ms="24779">
      <class name="testcases.LoginPageTest">
        <test-method is-config="true" signature="startReport()[pri:0, instance:testcases.LoginPageTest@3f8dfe74]" started-at="2026-01-04T19:51:03 IST" name="startReport" finished-at="2026-01-04T19:51:03 IST" duration-ms="753" status="PASS">
          <reporter-output>
          </reporter-output>
        </test-method> <!-- startReport -->
        <test-method is-config="true" signature="setup(java.lang.reflect.Method)[pri:0, instance:testcases.LoginPageTest@3f8dfe74]" started-at="2026-01-04T19:51:04 IST" name="setup" finished-at="2026-01-04T19:51:14 IST" duration-ms="10504" status="PASS">
          <params>
            <param index="0">
              <value>
                <![CDATA[public void testcases.LoginPageTest.loginTitle()]]>
              </value>
            </param>
          </params>
          <reporter-output>
          </reporter-output>
        </test-method> <!-- setup -->
        <test-method signature="loginTitle()[pri:1, instance:testcases.LoginPageTest@3f8dfe74]" started-at="2026-01-04T19:51:15 IST" name="loginTitle" finished-at="2026-01-04T19:51:15 IST" duration-ms="201" status="PASS">
          <reporter-output>
          </reporter-output>
        </test-method> <!-- loginTitle -->
        <test-method is-config="true" signature="teardown(org.testng.ITestResult)[pri:0, instance:testcases.LoginPageTest@3f8dfe74]" started-at="2026-01-04T19:51:15 IST" name="teardown" finished-at="2026-01-04T19:51:15 IST" duration-ms="603" status="PASS">
          <params>
            <param index="0">
              <value>
                <![CDATA[[TestResult name=loginTitle status=SUCCESS method=LoginPageTest.loginTitle()[pri:1, instance:testcases.LoginPageTest@3f8dfe74] output={null}]]]>
              </value>
            </param>
          </params>
          <reporter-output>
          </reporter-output>
        </test-method> <!-- teardown -->
        <test-method is-config="true" signature="setup(java.lang.reflect.Method)[pri:0, instance:testcases.LoginPageTest@3f8dfe74]" started-at="2026-01-04T19:51:15 IST" name="setup" finished-at="2026-01-04T19:51:18 IST" duration-ms="2963" status="PASS">
          <params>
            <param index="0">
              <value>
                <![CDATA[public void testcases.LoginPageTest.Logo()]]>
              </value>
            </param>
          </params>
          <reporter-output>
          </reporter-output>
        </test-method> <!-- setup -->
        <test-method signature="Logo()[pri:2, instance:testcases.LoginPageTest@3f8dfe74]" started-at="2026-01-04T19:51:18 IST" name="Logo" finished-at="2026-01-04T19:51:19 IST" duration-ms="175" status="PASS">
          <reporter-output>
          </reporter-output>
        </test-method> <!-- Logo -->
        <test-method is-config="true" signature="teardown(org.testng.ITestResult)[pri:0, instance:testcases.LoginPageTest@3f8dfe74]" started-at="2026-01-04T19:51:19 IST" name="teardown" finished-at="2026-01-04T19:51:19 IST" duration-ms="414" status="PASS">
          <params>
            <param index="0">
              <value>
                <![CDATA[[TestResult name=Logo status=SUCCESS method=LoginPageTest.Logo()[pri:2, instance:testcases.LoginPageTest@3f8dfe74] output={null}]]]>
              </value>
            </param>
          </params>
          <reporter-output>
          </reporter-output>
        </test-method> <!-- teardown -->
        <test-method is-config="true" signature="setup(java.lang.reflect.Method)[pri:0, instance:testcases.LoginPageTest@3f8dfe74]" started-at="2026-01-04T19:51:21 IST" name="setup" finished-at="2026-01-04T19:51:24 IST" duration-ms="3211" status="PASS">
          <params>
            <param index="0">
              <value>
                <![CDATA[public void testcases.LoginPageTest.loginTest(java.lang.String,java.lang.String) throws java.io.FileNotFoundException,java.io.IOException]]>
              </value>
            </param>
          </params>
          <reporter-output>
          </reporter-output>
        </test-method> <!-- setup -->
        <test-method signature="loginTest(java.lang.String,java.lang.String)[pri:3, instance:testcases.LoginPageTest@3f8dfe74]" started-at="2026-01-04T19:51:24 IST" name="loginTest" data-provider="loginData" finished-at="2026-01-04T19:51:24 IST" duration-ms="107" status="PASS">
          <params>
            <param index="0">
              <value>
                <![CDATA[standard_user]]>
              </value>
            </param>
            <param index="1">
              <value>
                <![CDATA[secret_sauce]]>
              </value>
            </param>
          </params>
          <reporter-output>
          </reporter-output>
        </test-method> <!-- loginTest -->
        <test-method is-config="true" signature="teardown(org.testng.ITestResult)[pri:0, instance:testcases.LoginPageTest@3f8dfe74]" started-at="2026-01-04T19:51:24 IST" name="teardown" finished-at="2026-01-04T19:51:25 IST" duration-ms="402" status="PASS">
          <params>
            <param index="0">
              <value>
                <![CDATA[[TestResult name=loginTest status=SUCCESS method=LoginPageTest.loginTest(java.lang.String,java.lang.String)[pri:3, instance:testcases.LoginPageTest@3f8dfe74] output={null}]]]>
              </value>
            </param>
          </params>
          <reporter-output>
          </reporter-output>
        </test-method> <!-- teardown -->
        <test-method is-config="true" signature="setup(java.lang.reflect.Method)[pri:0, instance:testcases.LoginPageTest@3f8dfe74]" started-at="2026-01-04T19:51:25 IST" name="setup" finished-at="2026-01-04T19:51:28 IST" duration-ms="3118" status="PASS">
          <params>
            <param index="0">
              <value>
                <![CDATA[public void testcases.LoginPageTest.loginTest(java.lang.String,java.lang.String) throws java.io.FileNotFoundException,java.io.IOException]]>
              </value>
            </param>
          </params>
          <reporter-output>
          </reporter-output>
        </test-method> <!-- setup -->
        <test-method signature="loginTest(java.lang.String,java.lang.String)[pri:3, instance:testcases.LoginPageTest@3f8dfe74]" started-at="2026-01-04T19:51:28 IST" name="loginTest" data-provider="loginData" finished-at="2026-01-04T19:51:28 IST" duration-ms="101" status="PASS">
          <params>
            <param index="0">
              <value>
                <![CDATA[problem_user]]>
              </value>
            </param>
            <param index="1">
              <value>
                <![CDATA[secret_sauce]]>
              </value>
            </param>
          </params>
          <reporter-output>
          </reporter-output>
        </test-method> <!-- loginTest -->
        <test-method is-config="true" signature="teardown(org.testng.ITestResult)[pri:0, instance:testcases.LoginPageTest@3f8dfe74]" started-at="2026-01-04T19:51:28 IST" name="teardown" finished-at="2026-01-04T19:51:28 IST" duration-ms="404" status="PASS">
          <params>
            <param index="0">
              <value>
                <![CDATA[[TestResult name=loginTest status=SUCCESS method=LoginPageTest.loginTest(java.lang.String,java.lang.String)[pri:3, instance:testcases.LoginPageTest@3f8dfe74] output={null}]]]>
              </value>
            </param>
          </params>
          <reporter-output>
          </reporter-output>
        </test-method> <!-- teardown -->
        <test-method is-config="true" signature="endReport()[pri:0, instance:testcases.LoginPageTest@3f8dfe74]" started-at="2026-01-04T19:51:28 IST" name="endReport" finished-at="2026-01-04T19:51:29 IST" duration-ms="600" status="PASS">
          <reporter-output>
          </reporter-output>
        </test-method> <!-- endReport -->
      </class> <!-- testcases.LoginPageTest -->
    </test> <!-- Default test -->
  </suite> <!-- Default suite -->
</testng-results>
