<?xml version="1.0" encoding="UTF-8"?>
<!-- Generated by org.testng.reporters.JUnitReportReporter -->
<testsuite hostname="Abhijeet" failures="0" tests="6" name="testcases.HomePageTest" time="2.410" errors="0" timestamp="2025-12-30T12:55:54 IST" skipped="0">
  <testcase classname="testcases.HomePageTest" name="checkTitle" time="0.441"/>
  <testcase classname="testcases.HomePageTest" name="checkListCount" time="0.143"/>
  <testcase classname="testcases.HomePageTest" name="checksortedList" time="0.448"/>
  <testcase classname="testcases.HomePageTest" name="addToCart" time="0.543"/>
  <testcase classname="testcases.HomePageTest" name="addToCart" time="0.319"/>
  <testcase classname="testcases.HomePageTest" name="addToCart" time="0.516"/>
</testsuite> <!-- testcases.HomePageTest -->
