<?xml version="1.0" encoding="UTF-8"?>
<!-- Generated by org.testng.reporters.JUnitReportReporter -->
<testsuite hostname="Abhijeet" failures="0" tests="4" name="testcases.LoginPageTest" time="14.016" errors="0" timestamp="2025-12-22T23:25:53 IST" skipped="0">
  <testcase classname="testcases.LoginPageTest" name="loginTitle" time="2.807"/>
  <testcase classname="testcases.LoginPageTest" name="Logo" time="2.849"/>
  <testcase classname="testcases.LoginPageTest" name="loginTest" time="3.477"/>
  <testcase classname="testcases.LoginPageTest" name="loginTest" time="4.883"/>
</testsuite> <!-- testcases.LoginPageTest -->
