<?xml version="1.0" encoding="UTF-8"?>
<!-- Generated by org.testng.reporters.JUnitReportReporter -->
<testsuite hostname="Abhijeet" failures="0" tests="4" name="testcases.LoginPageTest" time="18.431" errors="0" timestamp="2026-01-06T23:14:25 IST" skipped="0">
  <testcase classname="testcases.LoginPageTest" name="loginTitle" time="3.132"/>
  <testcase classname="testcases.LoginPageTest" name="Logo" time="2.650"/>
  <testcase classname="testcases.LoginPageTest" name="loginTest" time="3.979"/>
  <testcase classname="testcases.LoginPageTest" name="loginTest" time="8.670"/>
</testsuite> <!-- testcases.LoginPageTest -->
