<?xml version="1.0" encoding="UTF-8"?>
<!-- Generated by org.testng.reporters.JUnitReportReporter -->
<testsuite hostname="Abhijeet" failures="0" tests="4" name="testcases.HomePageTest" time="16.579" errors="0" timestamp="2026-01-23T17:05:08 IST" skipped="0">
  <testcase classname="testcases.HomePageTest" name="checkTitle" time="3.706"/>
  <testcase classname="testcases.HomePageTest" name="checkListCount" time="5.253"/>
  <testcase classname="testcases.HomePageTest" name="checksortedList" time="3.621"/>
  <testcase classname="testcases.HomePageTest" name="addToCart" time="3.999"/>
</testsuite> <!-- testcases.HomePageTest -->
