<?xml version="1.0" encoding="UTF-8"?>
<!-- Generated by org.testng.reporters.JUnitReportReporter -->
<testsuite hostname="Abhijeet" failures="0" tests="4" name="testcases.LoginPageTest" time="19.322" errors="0" timestamp="2025-12-30T16:44:11 IST" skipped="0">
  <testcase classname="testcases.LoginPageTest" name="loginTitle" time="8.322"/>
  <testcase classname="testcases.LoginPageTest" name="Logo" time="3.614"/>
  <testcase classname="testcases.LoginPageTest" name="loginTest" time="3.715"/>
  <testcase classname="testcases.LoginPageTest" name="loginTest" time="3.671"/>
</testsuite> <!-- testcases.LoginPageTest -->
