<?xml version="1.0" encoding="UTF-8"?>
<!-- Generated by org.testng.reporters.JUnitReportReporter -->
<testsuite hostname="Abhijeet" failures="0" tests="4" name="testcases.HomePageTest" time="14.378" errors="0" timestamp="2026-01-06T23:14:25 IST" skipped="0">
  <testcase classname="testcases.HomePageTest" name="checkTitle" time="3.507"/>
  <testcase classname="testcases.HomePageTest" name="checkListCount" time="3.389"/>
  <testcase classname="testcases.HomePageTest" name="checksortedList" time="3.717"/>
  <testcase classname="testcases.HomePageTest" name="addToCart" time="3.765"/>
</testsuite> <!-- testcases.HomePageTest -->
